Arguments: 
  C:\Program Files\nodejs\node.exe C:\Users\Dali\AppData\Roaming\npm\node_modules\yarn\bin\yarn.js

PATH: 
  C:\Program Files\Common Files\Oracle\Java\javapath;C:\Python310\Scripts\;C:\Python310\;C:\Program Files\Python39\Scripts\;C:\Program Files\Python39\;C:\VulkanSDK\1.2.176.1\Bin;C:\Program Files (x86)\Common Files\Oracle\Java\javapath;C:\Program Files (x86)\PC Connectivity Solution\;C:\Program Files\Microsoft MPI\Bin\;C:\WINDOWS\system32;C:\WINDOWS;C:\WINDOWS\System32\Wbem;C:\WINDOWS\System32\WindowsPowerShell\v1.0\;C:\Program Files\MATLAB\R2019b\runtime\win64;C:\Program Files\MATLAB\R2019b\bin;C:\WINDOWS\System32\OpenSSH\;C:\Program Files\NVIDIA Corporation\NVIDIA NvDLISR;C:\Program Files (x86)\NVIDIA Corporation\PhysX\Common;C:\Program Files\Git\cmd;C:\WINDOWS\system32;C:\WINDOWS;C:\WINDOWS\System32\Wbem;C:\WINDOWS\System32\WindowsPowerShell\v1.0\;C:\WINDOWS\System32\OpenSSH\;C:\Program Files\Python39\geckodriver.exe;C:\Program Files\Python39\chromedriver.exe;C:\Users\Dali\AppData\Roaming\Python\Python39\Scripts;C:\Program Files\PuTTY\;C:\Program Files\nodejs\;C:\ProgramData\chocolatey\bin;C:\Users\Dali\AppData\Local\Programs\Microsoft VS Code\bin;C:\msys64\mingw64\bin;C:\Users\Dali\AppData\Roaming\npm;C:\Program Files\Java\jdk-17.0.1\bin;C:\Users\Dali\Desktop\KitBE_TdL;

Yarn version: 
  1.22.17

Node version: 
  17.1.0

Platform: 
  win32 x64

Trace: 
  Error: https://registry.yarnpkg.com/@activeviam%2factiveui-scripts: Not found
      at Request.params.callback [as _callback] (C:\Users\Dali\AppData\Roaming\npm\node_modules\yarn\lib\cli.js:67029:18)
      at Request.self.callback (C:\Users\Dali\AppData\Roaming\npm\node_modules\yarn\lib\cli.js:140883:22)
      at Request.emit (node:events:390:28)
      at Request.<anonymous> (C:\Users\Dali\AppData\Roaming\npm\node_modules\yarn\lib\cli.js:141855:10)
      at Request.emit (node:events:390:28)
      at IncomingMessage.<anonymous> (C:\Users\Dali\AppData\Roaming\npm\node_modules\yarn\lib\cli.js:141777:12)
      at Object.onceWrapper (node:events:509:28)
      at IncomingMessage.emit (node:events:402:35)
      at endReadableNT (node:internal/streams/readable:1340:12)
      at processTicksAndRejections (node:internal/process/task_queues:83:21)

npm manifest: 
  {
    "name": "your-application-name-goes-here",
    "version": "1.0.0",
    "description": "Your application's description goes here",
    "homepage": ".",
    "license": "UNLICENSED",
    "author": "ActiveViam",
    "files": [
      "build"
    ],
    "scripts": {
      "start": "activeui-scripts start",
      "build": "activeui-scripts build"
    },
    "dependencies": {
      "@activeviam/activeui-scripts": "5.0.5",
      "@activeviam/activeui-sdk": "5.0.5",
      "@activeviam/sandbox-clients": "5.0.5",
      "antd": "4.12.2",
      "lodash": "^4.17.15",
      "react": "^17.0.0"
    },
    "devDependencies": {
      "@activeviam/browserslist-config-activeui": "5.0.5",
      "@types/node": "^14.0.4",
      "@types/react": "^16.9.34",
      "typescript": "^4.0.3"
    },
    "browserslist": [
      "extends @activeviam/browserslist-config-activeui"
    ]
  }

yarn manifest: 
  No manifest

Lockfile: 
  No lockfile
